2026-03-22T23:05:49+05:30	INFO	setup	starting dashboard server	{"port": ":3000"}
2026-03-22T23:05:49+05:30	INFO	setup	starting manager
2026-03-22T23:05:49+05:30	INFO	starting server	{"name": "health probe", "addr": "[::]:8082"}
2026-03-22T23:05:49+05:30	INFO	Starting dashboard server	{"port": ":3000"}
2026-03-22T23:05:49+05:30	INFO	Starting EventSource	{"controller": "ec2instance", "controllerGroup": "compute.cloud.com", "controllerKind": "Ec2Instance", "source": "kind source: *v1.Ec2Instance"}
2026-03-22T23:05:49+05:30	INFO	Starting Controller	{"controller": "ec2instance", "controllerGroup": "compute.cloud.com", "controllerKind": "Ec2Instance"}
2026-03-22T23:05:49+05:30	INFO	Starting workers	{"controller": "ec2instance", "controllerGroup": "compute.cloud.com", "controllerKind": "Ec2Instance", "worker count": 1}
2026-03-22T23:05:49+05:30	INFO	===RECONCILE LOOP STARTED ===	{"controller": "ec2instance", "controllerGroup": "compute.cloud.com", "controllerKind": "Ec2Instance", "Ec2Instance": {"name":"prod-web-server","namespace":"default"}, "namespace": "default", "name": "prod-web-server", "reconcileID": "4255693d-c1d6-40c2-a170-8bad1819131b", "namespace": "default", "name": "prod-web-server"}
2026-03-22T23:05:49+05:30	INFO	Requested object is already exists in kubernetes. Not creating a new instance	{"controller": "ec2instance", "controllerGroup": "compute.cloud.com", "controllerKind": "Ec2Instance", "Ec2Instance": {"name":"prod-web-server","namespace":"default"}, "namespace": "default", "name": "prod-web-server", "reconcileID": "4255693d-c1d6-40c2-a170-8bad1819131b", "instanceID": "i-001bdc90855e6c81e"}
Length of Reservations are  1
2026-03-22T23:05:50+05:30	INFO	Drift detected, updating status	{"controller": "ec2instance", "controllerGroup": "compute.cloud.com", "controllerKind": "Ec2Instance", "Ec2Instance": {"name":"prod-web-server","namespace":"default"}, "namespace": "default", "name": "prod-web-server", "reconcileID": "4255693d-c1d6-40c2-a170-8bad1819131b", "oldState": "running", "newState": "stopped"}
2026-03-22T23:05:50+05:30	INFO	===RECONCILE LOOP STARTED ===	{"controller": "ec2instance", "controllerGroup": "compute.cloud.com", "controllerKind": "Ec2Instance", "Ec2Instance": {"name":"prod-web-server","namespace":"default"}, "namespace": "default", "name": "prod-web-server", "reconcileID": "1e8ad1b6-55ce-439c-86d7-62c00aebb698", "namespace": "default", "name": "prod-web-server"}
2026-03-22T23:05:50+05:30	INFO	Requested object is already exists in kubernetes. Not creating a new instance	{"controller": "ec2instance", "controllerGroup": "compute.cloud.com", "controllerKind": "Ec2Instance", "Ec2Instance": {"name":"prod-web-server","namespace":"default"}, "namespace": "default", "name": "prod-web-server", "reconcileID": "1e8ad1b6-55ce-439c-86d7-62c00aebb698", "instanceID": "i-001bdc90855e6c81e"}
Length of Reservations are  1
2026-03-22T23:05:53+05:30	INFO	sse	Client disconnected from SSE stream
2026-03-22T23:05:54+05:30	INFO	sse	Client disconnected from SSE stream
2026-03-22T23:05:54+05:30	INFO	sse	Client disconnected from SSE stream
2026-03-22T23:05:55+05:30	INFO	sse	Client disconnected from SSE stream
2026-03-22T23:06:07+05:30	INFO	sse	Client disconnected from SSE stream
2026-03-22T23:06:09+05:30	INFO	sse	Client disconnected from SSE stream
2026-03-22T23:06:09+05:30	INFO	sse	Client disconnected from SSE stream
2026-03-22T23:06:10+05:30	INFO	sse	Client disconnected from SSE stream
2026-03-22T23:06:10+05:30	INFO	sse	Client disconnected from SSE stream
2026-03-22T23:06:10+05:30	INFO	sse	Client disconnected from SSE stream
2026-03-22T23:06:10+05:30	INFO	sse	Client disconnected from SSE stream
2026-03-22T23:06:11+05:30	INFO	sse	Client disconnected from SSE stream
2026-03-22T23:06:21+05:30	INFO	===RECONCILE LOOP STARTED ===	{"controller": "ec2instance", "controllerGroup": "compute.cloud.com", "controllerKind": "Ec2Instance", "Ec2Instance": {"name":"prod-web-server","namespace":"default"}, "namespace": "default", "name": "prod-web-server", "reconcileID": "4a76d29e-880b-40d6-9511-418d36dc9229", "namespace": "default", "name": "prod-web-server"}
2026-03-22T23:06:21+05:30	INFO	Requested object is already exists in kubernetes. Not creating a new instance	{"controller": "ec2instance", "controllerGroup": "compute.cloud.com", "controllerKind": "Ec2Instance", "Ec2Instance": {"name":"prod-web-server","namespace":"default"}, "namespace": "default", "name": "prod-web-server", "reconcileID": "4a76d29e-880b-40d6-9511-418d36dc9229", "instanceID": "i-001bdc90855e6c81e"}
Length of Reservations are  1
2026-03-22T23:06:37+05:30	INFO	sse	Client disconnected from SSE stream
2026-03-22T23:06:53+05:30	INFO	===RECONCILE LOOP STARTED ===	{"controller": "ec2instance", "controllerGroup": "compute.cloud.com", "controllerKind": "Ec2Instance", "Ec2Instance": {"name":"prod-web-server","namespace":"default"}, "namespace": "default", "name": "prod-web-server", "reconcileID": "c50a82d3-a5a9-44bc-b5a0-7b3971ff759f", "namespace": "default", "name": "prod-web-server"}
2026-03-22T23:06:53+05:30	INFO	Requested object is already exists in kubernetes. Not creating a new instance	{"controller": "ec2instance", "controllerGroup": "compute.cloud.com", "controllerKind": "Ec2Instance", "Ec2Instance": {"name":"prod-web-server","namespace":"default"}, "namespace": "default", "name": "prod-web-server", "reconcileID": "c50a82d3-a5a9-44bc-b5a0-7b3971ff759f", "instanceID": "i-001bdc90855e6c81e"}
2026-03-22T23:06:53+05:30	INFO	sse	Client disconnected from SSE stream
Length of Reservations are  1
2026-03-22T23:06:59+05:30	INFO	sse	Client disconnected from SSE stream
2026-03-22T23:07:24+05:30	INFO	===RECONCILE LOOP STARTED ===	{"controller": "ec2instance", "controllerGroup": "compute.cloud.com", "controllerKind": "Ec2Instance", "Ec2Instance": {"name":"prod-web-server","namespace":"default"}, "namespace": "default", "name": "prod-web-server", "reconcileID": "634e79f7-3458-4513-b4b5-9389ad157d8b", "namespace": "default", "name": "prod-web-server"}
2026-03-22T23:07:24+05:30	INFO	Requested object is already exists in kubernetes. Not creating a new instance	{"controller": "ec2instance", "controllerGroup": "compute.cloud.com", "controllerKind": "Ec2Instance", "Ec2Instance": {"name":"prod-web-server","namespace":"default"}, "namespace": "default", "name": "prod-web-server", "reconcileID": "634e79f7-3458-4513-b4b5-9389ad157d8b", "instanceID": "i-001bdc90855e6c81e"}
Length of Reservations are  1
2026-03-22T23:07:42+05:30	INFO	sse	Client disconnected from SSE stream
2026-03-22T23:07:55+05:30	INFO	===RECONCILE LOOP STARTED ===	{"controller": "ec2instance", "controllerGroup": "compute.cloud.com", "controllerKind": "Ec2Instance", "Ec2Instance": {"name":"prod-web-server","namespace":"default"}, "namespace": "default", "name": "prod-web-server", "reconcileID": "1c1e19a2-2305-4b7a-a4b3-d5e088ca5f76", "namespace": "default", "name": "prod-web-server"}
2026-03-22T23:07:55+05:30	INFO	Requested object is already exists in kubernetes. Not creating a new instance	{"controller": "ec2instance", "controllerGroup": "compute.cloud.com", "controllerKind": "Ec2Instance", "Ec2Instance": {"name":"prod-web-server","namespace":"default"}, "namespace": "default", "name": "prod-web-server", "reconcileID": "1c1e19a2-2305-4b7a-a4b3-d5e088ca5f76", "instanceID": "i-001bdc90855e6c81e"}
Length of Reservations are  1
2026-03-22T23:08:12+05:30	INFO	sse	Client disconnected from SSE stream
2026-03-22T23:08:27+05:30	INFO	===RECONCILE LOOP STARTED ===	{"controller": "ec2instance", "controllerGroup": "compute.cloud.com", "controllerKind": "Ec2Instance", "Ec2Instance": {"name":"prod-web-server","namespace":"default"}, "namespace": "default", "name": "prod-web-server", "reconcileID": "109e95b7-46a3-409f-bf28-27ac6972cadd", "namespace": "default", "name": "prod-web-server"}
2026-03-22T23:08:27+05:30	INFO	Requested object is already exists in kubernetes. Not creating a new instance	{"controller": "ec2instance", "controllerGroup": "compute.cloud.com", "controllerKind": "Ec2Instance", "Ec2Instance": {"name":"prod-web-server","namespace":"default"}, "namespace": "default", "name": "prod-web-server", "reconcileID": "109e95b7-46a3-409f-bf28-27ac6972cadd", "instanceID": "i-001bdc90855e6c81e"}
Length of Reservations are  1
2026-03-22T23:08:28+05:30	INFO	Drift detected, updating status	{"controller": "ec2instance", "controllerGroup": "compute.cloud.com", "controllerKind": "Ec2Instance", "Ec2Instance": {"name":"prod-web-server","namespace":"default"}, "namespace": "default", "name": "prod-web-server", "reconcileID": "109e95b7-46a3-409f-bf28-27ac6972cadd", "oldState": "stopped", "newState": "pending"}
2026-03-22T23:08:28+05:30	INFO	===RECONCILE LOOP STARTED ===	{"controller": "ec2instance", "controllerGroup": "compute.cloud.com", "controllerKind": "Ec2Instance", "Ec2Instance": {"name":"prod-web-server","namespace":"default"}, "namespace": "default", "name": "prod-web-server", "reconcileID": "ecbdd302-4349-44b2-8cde-4050c7f05bda", "namespace": "default", "name": "prod-web-server"}
2026-03-22T23:08:28+05:30	INFO	Requested object is already exists in kubernetes. Not creating a new instance	{"controller": "ec2instance", "controllerGroup": "compute.cloud.com", "controllerKind": "Ec2Instance", "Ec2Instance": {"name":"prod-web-server","namespace":"default"}, "namespace": "default", "name": "prod-web-server", "reconcileID": "ecbdd302-4349-44b2-8cde-4050c7f05bda", "instanceID": "i-001bdc90855e6c81e"}
Length of Reservations are  1
2026-03-22T23:08:35+05:30	INFO	sse	Client disconnected from SSE stream
2026-03-22T23:08:35+05:30	INFO	sse	Client disconnected from SSE stream
2026-03-22T23:09:00+05:30	INFO	===RECONCILE LOOP STARTED ===	{"controller": "ec2instance", "controllerGroup": "compute.cloud.com", "controllerKind": "Ec2Instance", "Ec2Instance": {"name":"prod-web-server","namespace":"default"}, "namespace": "default", "name": "prod-web-server", "reconcileID": "5e98103c-2be2-466b-b81f-d02827c9bb60", "namespace": "default", "name": "prod-web-server"}
2026-03-22T23:09:00+05:30	INFO	Requested object is already exists in kubernetes. Not creating a new instance	{"controller": "ec2instance", "controllerGroup": "compute.cloud.com", "controllerKind": "Ec2Instance", "Ec2Instance": {"name":"prod-web-server","namespace":"default"}, "namespace": "default", "name": "prod-web-server", "reconcileID": "5e98103c-2be2-466b-b81f-d02827c9bb60", "instanceID": "i-001bdc90855e6c81e"}
Length of Reservations are  1
2026-03-22T23:09:04+05:30	INFO	Drift detected, updating status	{"controller": "ec2instance", "controllerGroup": "compute.cloud.com", "controllerKind": "Ec2Instance", "Ec2Instance": {"name":"prod-web-server","namespace":"default"}, "namespace": "default", "name": "prod-web-server", "reconcileID": "5e98103c-2be2-466b-b81f-d02827c9bb60", "oldState": "pending", "newState": "running"}
2026-03-22T23:09:04+05:30	INFO	===RECONCILE LOOP STARTED ===	{"controller": "ec2instance", "controllerGroup": "compute.cloud.com", "controllerKind": "Ec2Instance", "Ec2Instance": {"name":"prod-web-server","namespace":"default"}, "namespace": "default", "name": "prod-web-server", "reconcileID": "4b1c53d8-cffc-48e6-84b7-26838b87c8e3", "namespace": "default", "name": "prod-web-server"}
2026-03-22T23:09:04+05:30	INFO	Requested object is already exists in kubernetes. Not creating a new instance	{"controller": "ec2instance", "controllerGroup": "compute.cloud.com", "controllerKind": "Ec2Instance", "Ec2Instance": {"name":"prod-web-server","namespace":"default"}, "namespace": "default", "name": "prod-web-server", "reconcileID": "4b1c53d8-cffc-48e6-84b7-26838b87c8e3", "instanceID": "i-001bdc90855e6c81e"}
Length of Reservations are  1
2026-03-22T23:09:35+05:30	INFO	===RECONCILE LOOP STARTED ===	{"controller": "ec2instance", "controllerGroup": "compute.cloud.com", "controllerKind": "Ec2Instance", "Ec2Instance": {"name":"prod-web-server","namespace":"default"}, "namespace": "default", "name": "prod-web-server", "reconcileID": "1c30412c-6a35-444a-aa55-efbca762aecc", "namespace": "default", "name": "prod-web-server"}
2026-03-22T23:09:35+05:30	INFO	Requested object is already exists in kubernetes. Not creating a new instance	{"controller": "ec2instance", "controllerGroup": "compute.cloud.com", "controllerKind": "Ec2Instance", "Ec2Instance": {"name":"prod-web-server","namespace":"default"}, "namespace": "default", "name": "prod-web-server", "reconcileID": "1c30412c-6a35-444a-aa55-efbca762aecc", "instanceID": "i-001bdc90855e6c81e"}
Length of Reservations are  1
2026-03-22T23:10:01+05:30	INFO	sse	Client disconnected from SSE stream
2026-03-22T23:10:06+05:30	INFO	===RECONCILE LOOP STARTED ===	{"controller": "ec2instance", "controllerGroup": "compute.cloud.com", "controllerKind": "Ec2Instance", "Ec2Instance": {"name":"prod-web-server","namespace":"default"}, "namespace": "default", "name": "prod-web-server", "reconcileID": "02ce8d69-fadc-4a4e-8cc8-7c7baeebc091", "namespace": "default", "name": "prod-web-server"}
2026-03-22T23:10:06+05:30	INFO	Requested object is already exists in kubernetes. Not creating a new instance	{"controller": "ec2instance", "controllerGroup": "compute.cloud.com", "controllerKind": "Ec2Instance", "Ec2Instance": {"name":"prod-web-server","namespace":"default"}, "namespace": "default", "name": "prod-web-server", "reconcileID": "02ce8d69-fadc-4a4e-8cc8-7c7baeebc091", "instanceID": "i-001bdc90855e6c81e"}
Length of Reservations are  1
2026-03-22T23:10:18+05:30	INFO	sse	Client disconnected from SSE stream
2026-03-22T23:10:38+05:30	INFO	===RECONCILE LOOP STARTED ===	{"controller": "ec2instance", "controllerGroup": "compute.cloud.com", "controllerKind": "Ec2Instance", "Ec2Instance": {"name":"prod-web-server","namespace":"default"}, "namespace": "default", "name": "prod-web-server", "reconcileID": "b5175654-fc26-4262-a183-1d216c6e9d6a", "namespace": "default", "name": "prod-web-server"}
2026-03-22T23:10:38+05:30	INFO	Requested object is already exists in kubernetes. Not creating a new instance	{"controller": "ec2instance", "controllerGroup": "compute.cloud.com", "controllerKind": "Ec2Instance", "Ec2Instance": {"name":"prod-web-server","namespace":"default"}, "namespace": "default", "name": "prod-web-server", "reconcileID": "b5175654-fc26-4262-a183-1d216c6e9d6a", "instanceID": "i-001bdc90855e6c81e"}
Length of Reservations are  1
2026-03-22T23:10:41+05:30	INFO	Drift detected, updating status	{"controller": "ec2instance", "controllerGroup": "compute.cloud.com", "controllerKind": "Ec2Instance", "Ec2Instance": {"name":"prod-web-server","namespace":"default"}, "namespace": "default", "name": "prod-web-server", "reconcileID": "b5175654-fc26-4262-a183-1d216c6e9d6a", "oldState": "running", "newState": "stopping"}
2026-03-22T23:10:41+05:30	INFO	===RECONCILE LOOP STARTED ===	{"controller": "ec2instance", "controllerGroup": "compute.cloud.com", "controllerKind": "Ec2Instance", "Ec2Instance": {"name":"prod-web-server","namespace":"default"}, "namespace": "default", "name": "prod-web-server", "reconcileID": "b08b8673-db60-4024-8fe2-11cd3d5cb418", "namespace": "default", "name": "prod-web-server"}
2026-03-22T23:10:41+05:30	INFO	Requested object is already exists in kubernetes. Not creating a new instance	{"controller": "ec2instance", "controllerGroup": "compute.cloud.com", "controllerKind": "Ec2Instance", "Ec2Instance": {"name":"prod-web-server","namespace":"default"}, "namespace": "default", "name": "prod-web-server", "reconcileID": "b08b8673-db60-4024-8fe2-11cd3d5cb418", "instanceID": "i-001bdc90855e6c81e"}
Length of Reservations are  1
2026-03-22T23:10:51+05:30	INFO	===RECONCILE LOOP STARTED ===	{"controller": "ec2instance", "controllerGroup": "compute.cloud.com", "controllerKind": "Ec2Instance", "Ec2Instance": {"name":"prod-web-server","namespace":"default"}, "namespace": "default", "name": "prod-web-server", "reconcileID": "ad333233-ebc5-4e26-9e50-08c121c157f0", "namespace": "default", "name": "prod-web-server"}
2026-03-22T23:10:51+05:30	INFO	Requested object is already exists in kubernetes. Not creating a new instance	{"controller": "ec2instance", "controllerGroup": "compute.cloud.com", "controllerKind": "Ec2Instance", "Ec2Instance": {"name":"prod-web-server","namespace":"default"}, "namespace": "default", "name": "prod-web-server", "reconcileID": "ad333233-ebc5-4e26-9e50-08c121c157f0", "instanceID": "i-001bdc90855e6c81e"}
Length of Reservations are  1
2026-03-22T23:10:53+05:30	INFO	Drift detected, updating status	{"controller": "ec2instance", "controllerGroup": "compute.cloud.com", "controllerKind": "Ec2Instance", "Ec2Instance": {"name":"prod-web-server","namespace":"default"}, "namespace": "default", "name": "prod-web-server", "reconcileID": "ad333233-ebc5-4e26-9e50-08c121c157f0", "oldState": "stopping", "newState": "stopped"}
2026-03-22T23:10:53+05:30	INFO	===RECONCILE LOOP STARTED ===	{"controller": "ec2instance", "controllerGroup": "compute.cloud.com", "controllerKind": "Ec2Instance", "Ec2Instance": {"name":"prod-web-server","namespace":"default"}, "namespace": "default", "name": "prod-web-server", "reconcileID": "23c38e38-a05f-4fc5-8ec3-bac3a65d5e07", "namespace": "default", "name": "prod-web-server"}
2026-03-22T23:10:53+05:30	INFO	Requested object is already exists in kubernetes. Not creating a new instance	{"controller": "ec2instance", "controllerGroup": "compute.cloud.com", "controllerKind": "Ec2Instance", "Ec2Instance": {"name":"prod-web-server","namespace":"default"}, "namespace": "default", "name": "prod-web-server", "reconcileID": "23c38e38-a05f-4fc5-8ec3-bac3a65d5e07", "instanceID": "i-001bdc90855e6c81e"}
Length of Reservations are  1
2026-03-22T23:11:15+05:30	INFO	sse	Client disconnected from SSE stream
2026-03-22T23:11:24+05:30	INFO	sse	Client disconnected from SSE stream
2026-03-22T23:11:26+05:30	INFO	===RECONCILE LOOP STARTED ===	{"controller": "ec2instance", "controllerGroup": "compute.cloud.com", "controllerKind": "Ec2Instance", "Ec2Instance": {"name":"prod-web-server","namespace":"default"}, "namespace": "default", "name": "prod-web-server", "reconcileID": "3218e1d7-2008-4cae-93a0-67d2b5553592", "namespace": "default", "name": "prod-web-server"}
2026-03-22T23:11:26+05:30	INFO	Requested object is already exists in kubernetes. Not creating a new instance	{"controller": "ec2instance", "controllerGroup": "compute.cloud.com", "controllerKind": "Ec2Instance", "Ec2Instance": {"name":"prod-web-server","namespace":"default"}, "namespace": "default", "name": "prod-web-server", "reconcileID": "3218e1d7-2008-4cae-93a0-67d2b5553592", "instanceID": "i-001bdc90855e6c81e"}
Length of Reservations are  1
2026-03-22T23:11:47+05:30	INFO	sse	Client disconnected from SSE stream
2026-03-22T23:11:58+05:30	INFO	===RECONCILE LOOP STARTED ===	{"controller": "ec2instance", "controllerGroup": "compute.cloud.com", "controllerKind": "Ec2Instance", "Ec2Instance": {"name":"prod-web-server","namespace":"default"}, "namespace": "default", "name": "prod-web-server", "reconcileID": "e97b0df3-a0fe-424c-bacd-ee4770425fd8", "namespace": "default", "name": "prod-web-server"}
2026-03-22T23:11:58+05:30	INFO	Requested object is already exists in kubernetes. Not creating a new instance	{"controller": "ec2instance", "controllerGroup": "compute.cloud.com", "controllerKind": "Ec2Instance", "Ec2Instance": {"name":"prod-web-server","namespace":"default"}, "namespace": "default", "name": "prod-web-server", "reconcileID": "e97b0df3-a0fe-424c-bacd-ee4770425fd8", "instanceID": "i-001bdc90855e6c81e"}
Length of Reservations are  1
2026-03-22T23:12:29+05:30	INFO	===RECONCILE LOOP STARTED ===	{"controller": "ec2instance", "controllerGroup": "compute.cloud.com", "controllerKind": "Ec2Instance", "Ec2Instance": {"name":"prod-web-server","namespace":"default"}, "namespace": "default", "name": "prod-web-server", "reconcileID": "55e7de7d-98bd-42ea-9929-d5e65ead5f15", "namespace": "default", "name": "prod-web-server"}
2026-03-22T23:12:29+05:30	INFO	Requested object is already exists in kubernetes. Not creating a new instance	{"controller": "ec2instance", "controllerGroup": "compute.cloud.com", "controllerKind": "Ec2Instance", "Ec2Instance": {"name":"prod-web-server","namespace":"default"}, "namespace": "default", "name": "prod-web-server", "reconcileID": "55e7de7d-98bd-42ea-9929-d5e65ead5f15", "instanceID": "i-001bdc90855e6c81e"}
Length of Reservations are  1
2026-03-22T23:13:00+05:30	INFO	===RECONCILE LOOP STARTED ===	{"controller": "ec2instance", "controllerGroup": "compute.cloud.com", "controllerKind": "Ec2Instance", "Ec2Instance": {"name":"prod-web-server","namespace":"default"}, "namespace": "default", "name": "prod-web-server", "reconcileID": "2ec8343a-1600-4231-9500-bcc834c2a8ab", "namespace": "default", "name": "prod-web-server"}
2026-03-22T23:13:00+05:30	INFO	Requested object is already exists in kubernetes. Not creating a new instance	{"controller": "ec2instance", "controllerGroup": "compute.cloud.com", "controllerKind": "Ec2Instance", "Ec2Instance": {"name":"prod-web-server","namespace":"default"}, "namespace": "default", "name": "prod-web-server", "reconcileID": "2ec8343a-1600-4231-9500-bcc834c2a8ab", "instanceID": "i-001bdc90855e6c81e"}
Length of Reservations are  1
2026-03-22T23:13:32+05:30	INFO	===RECONCILE LOOP STARTED ===	{"controller": "ec2instance", "controllerGroup": "compute.cloud.com", "controllerKind": "Ec2Instance", "Ec2Instance": {"name":"prod-web-server","namespace":"default"}, "namespace": "default", "name": "prod-web-server", "reconcileID": "fe87d145-b503-46aa-b234-442ed10a23f4", "namespace": "default", "name": "prod-web-server"}
2026-03-22T23:13:32+05:30	INFO	Requested object is already exists in kubernetes. Not creating a new instance	{"controller": "ec2instance", "controllerGroup": "compute.cloud.com", "controllerKind": "Ec2Instance", "Ec2Instance": {"name":"prod-web-server","namespace":"default"}, "namespace": "default", "name": "prod-web-server", "reconcileID": "fe87d145-b503-46aa-b234-442ed10a23f4", "instanceID": "i-001bdc90855e6c81e"}
Length of Reservations are  1
2026-03-22T23:14:04+05:30	INFO	===RECONCILE LOOP STARTED ===	{"controller": "ec2instance", "controllerGroup": "compute.cloud.com", "controllerKind": "Ec2Instance", "Ec2Instance": {"name":"prod-web-server","namespace":"default"}, "namespace": "default", "name": "prod-web-server", "reconcileID": "1a0bd050-6178-4e56-a75a-629ce86c1776", "namespace": "default", "name": "prod-web-server"}
2026-03-22T23:14:04+05:30	INFO	Requested object is already exists in kubernetes. Not creating a new instance	{"controller": "ec2instance", "controllerGroup": "compute.cloud.com", "controllerKind": "Ec2Instance", "Ec2Instance": {"name":"prod-web-server","namespace":"default"}, "namespace": "default", "name": "prod-web-server", "reconcileID": "1a0bd050-6178-4e56-a75a-629ce86c1776", "instanceID": "i-001bdc90855e6c81e"}
Length of Reservations are  1
2026-03-22T23:14:35+05:30	INFO	===RECONCILE LOOP STARTED ===	{"controller": "ec2instance", "controllerGroup": "compute.cloud.com", "controllerKind": "Ec2Instance", "Ec2Instance": {"name":"prod-web-server","namespace":"default"}, "namespace": "default", "name": "prod-web-server", "reconcileID": "3b2fe138-d486-45b6-bc37-288e4525130c", "namespace": "default", "name": "prod-web-server"}
2026-03-22T23:14:35+05:30	INFO	Requested object is already exists in kubernetes. Not creating a new instance	{"controller": "ec2instance", "controllerGroup": "compute.cloud.com", "controllerKind": "Ec2Instance", "Ec2Instance": {"name":"prod-web-server","namespace":"default"}, "namespace": "default", "name": "prod-web-server", "reconcileID": "3b2fe138-d486-45b6-bc37-288e4525130c", "instanceID": "i-001bdc90855e6c81e"}
Length of Reservations are  1
2026-03-22T23:15:06+05:30	INFO	===RECONCILE LOOP STARTED ===	{"controller": "ec2instance", "controllerGroup": "compute.cloud.com", "controllerKind": "Ec2Instance", "Ec2Instance": {"name":"prod-web-server","namespace":"default"}, "namespace": "default", "name": "prod-web-server", "reconcileID": "afcc53ae-6528-4236-9e1d-7027f4981b97", "namespace": "default", "name": "prod-web-server"}
2026-03-22T23:15:06+05:30	INFO	Requested object is already exists in kubernetes. Not creating a new instance	{"controller": "ec2instance", "controllerGroup": "compute.cloud.com", "controllerKind": "Ec2Instance", "Ec2Instance": {"name":"prod-web-server","namespace":"default"}, "namespace": "default", "name": "prod-web-server", "reconcileID": "afcc53ae-6528-4236-9e1d-7027f4981b97", "instanceID": "i-001bdc90855e6c81e"}
Length of Reservations are  1
2026-03-22T23:15:38+05:30	INFO	===RECONCILE LOOP STARTED ===	{"controller": "ec2instance", "controllerGroup": "compute.cloud.com", "controllerKind": "Ec2Instance", "Ec2Instance": {"name":"prod-web-server","namespace":"default"}, "namespace": "default", "name": "prod-web-server", "reconcileID": "dfb141c8-c71b-457f-a2e6-f6942a3a8fcc", "namespace": "default", "name": "prod-web-server"}
2026-03-22T23:15:38+05:30	INFO	Requested object is already exists in kubernetes. Not creating a new instance	{"controller": "ec2instance", "controllerGroup": "compute.cloud.com", "controllerKind": "Ec2Instance", "Ec2Instance": {"name":"prod-web-server","namespace":"default"}, "namespace": "default", "name": "prod-web-server", "reconcileID": "dfb141c8-c71b-457f-a2e6-f6942a3a8fcc", "instanceID": "i-001bdc90855e6c81e"}
Length of Reservations are  1
2026-03-22T23:16:11+05:30	INFO	===RECONCILE LOOP STARTED ===	{"controller": "ec2instance", "controllerGroup": "compute.cloud.com", "controllerKind": "Ec2Instance", "Ec2Instance": {"name":"prod-web-server","namespace":"default"}, "namespace": "default", "name": "prod-web-server", "reconcileID": "010af5bb-ffa9-429e-b586-fc280bba0478", "namespace": "default", "name": "prod-web-server"}
2026-03-22T23:16:11+05:30	INFO	Requested object is already exists in kubernetes. Not creating a new instance	{"controller": "ec2instance", "controllerGroup": "compute.cloud.com", "controllerKind": "Ec2Instance", "Ec2Instance": {"name":"prod-web-server","namespace":"default"}, "namespace": "default", "name": "prod-web-server", "reconcileID": "010af5bb-ffa9-429e-b586-fc280bba0478", "instanceID": "i-001bdc90855e6c81e"}
Length of Reservations are  1
2026-03-22T23:16:42+05:30	INFO	===RECONCILE LOOP STARTED ===	{"controller": "ec2instance", "controllerGroup": "compute.cloud.com", "controllerKind": "Ec2Instance", "Ec2Instance": {"name":"prod-web-server","namespace":"default"}, "namespace": "default", "name": "prod-web-server", "reconcileID": "2a0fa931-1f0d-45a8-9657-2c6095538939", "namespace": "default", "name": "prod-web-server"}
2026-03-22T23:16:42+05:30	INFO	Requested object is already exists in kubernetes. Not creating a new instance	{"controller": "ec2instance", "controllerGroup": "compute.cloud.com", "controllerKind": "Ec2Instance", "Ec2Instance": {"name":"prod-web-server","namespace":"default"}, "namespace": "default", "name": "prod-web-server", "reconcileID": "2a0fa931-1f0d-45a8-9657-2c6095538939", "instanceID": "i-001bdc90855e6c81e"}
Length of Reservations are  1
2026-03-22T23:16:44+05:30	INFO	sse	Client disconnected from SSE stream
2026-03-22T23:17:08+05:30	INFO	sse	Client disconnected from SSE stream
2026-03-22T23:17:09+05:30	INFO	sse	Client disconnected from SSE stream
2026-03-22T23:17:09+05:30	INFO	sse	Client disconnected from SSE stream
2026-03-22T23:17:14+05:30	INFO	===RECONCILE LOOP STARTED ===	{"controller": "ec2instance", "controllerGroup": "compute.cloud.com", "controllerKind": "Ec2Instance", "Ec2Instance": {"name":"prod-web-server","namespace":"default"}, "namespace": "default", "name": "prod-web-server", "reconcileID": "9560e93c-6623-4085-ba3a-f90f8dfc19c0", "namespace": "default", "name": "prod-web-server"}
2026-03-22T23:17:14+05:30	INFO	Requested object is already exists in kubernetes. Not creating a new instance	{"controller": "ec2instance", "controllerGroup": "compute.cloud.com", "controllerKind": "Ec2Instance", "Ec2Instance": {"name":"prod-web-server","namespace":"default"}, "namespace": "default", "name": "prod-web-server", "reconcileID": "9560e93c-6623-4085-ba3a-f90f8dfc19c0", "instanceID": "i-001bdc90855e6c81e"}
Length of Reservations are  1
2026-03-22T23:17:46+05:30	INFO	===RECONCILE LOOP STARTED ===	{"controller": "ec2instance", "controllerGroup": "compute.cloud.com", "controllerKind": "Ec2Instance", "Ec2Instance": {"name":"prod-web-server","namespace":"default"}, "namespace": "default", "name": "prod-web-server", "reconcileID": "8bd18ca2-77e9-41bb-aa89-5e757e8b55a2", "namespace": "default", "name": "prod-web-server"}
2026-03-22T23:17:46+05:30	INFO	Requested object is already exists in kubernetes. Not creating a new instance	{"controller": "ec2instance", "controllerGroup": "compute.cloud.com", "controllerKind": "Ec2Instance", "Ec2Instance": {"name":"prod-web-server","namespace":"default"}, "namespace": "default", "name": "prod-web-server", "reconcileID": "8bd18ca2-77e9-41bb-aa89-5e757e8b55a2", "instanceID": "i-001bdc90855e6c81e"}
Length of Reservations are  1
2026-03-22T23:18:18+05:30	INFO	===RECONCILE LOOP STARTED ===	{"controller": "ec2instance", "controllerGroup": "compute.cloud.com", "controllerKind": "Ec2Instance", "Ec2Instance": {"name":"prod-web-server","namespace":"default"}, "namespace": "default", "name": "prod-web-server", "reconcileID": "4f497da3-0962-408b-a8ac-fb4989be9745", "namespace": "default", "name": "prod-web-server"}
2026-03-22T23:18:18+05:30	INFO	Requested object is already exists in kubernetes. Not creating a new instance	{"controller": "ec2instance", "controllerGroup": "compute.cloud.com", "controllerKind": "Ec2Instance", "Ec2Instance": {"name":"prod-web-server","namespace":"default"}, "namespace": "default", "name": "prod-web-server", "reconcileID": "4f497da3-0962-408b-a8ac-fb4989be9745", "instanceID": "i-001bdc90855e6c81e"}
Length of Reservations are  1
2026-03-22T23:18:49+05:30	INFO	===RECONCILE LOOP STARTED ===	{"controller": "ec2instance", "controllerGroup": "compute.cloud.com", "controllerKind": "Ec2Instance", "Ec2Instance": {"name":"prod-web-server","namespace":"default"}, "namespace": "default", "name": "prod-web-server", "reconcileID": "1b1b9415-6765-4655-b43f-6f2116322cf4", "namespace": "default", "name": "prod-web-server"}
2026-03-22T23:18:49+05:30	INFO	Requested object is already exists in kubernetes. Not creating a new instance	{"controller": "ec2instance", "controllerGroup": "compute.cloud.com", "controllerKind": "Ec2Instance", "Ec2Instance": {"name":"prod-web-server","namespace":"default"}, "namespace": "default", "name": "prod-web-server", "reconcileID": "1b1b9415-6765-4655-b43f-6f2116322cf4", "instanceID": "i-001bdc90855e6c81e"}
Length of Reservations are  1
2026-03-22T23:19:21+05:30	INFO	===RECONCILE LOOP STARTED ===	{"controller": "ec2instance", "controllerGroup": "compute.cloud.com", "controllerKind": "Ec2Instance", "Ec2Instance": {"name":"prod-web-server","namespace":"default"}, "namespace": "default", "name": "prod-web-server", "reconcileID": "67dfcb5a-badc-4996-8d66-40e7a44089c4", "namespace": "default", "name": "prod-web-server"}
2026-03-22T23:19:21+05:30	INFO	Requested object is already exists in kubernetes. Not creating a new instance	{"controller": "ec2instance", "controllerGroup": "compute.cloud.com", "controllerKind": "Ec2Instance", "Ec2Instance": {"name":"prod-web-server","namespace":"default"}, "namespace": "default", "name": "prod-web-server", "reconcileID": "67dfcb5a-badc-4996-8d66-40e7a44089c4", "instanceID": "i-001bdc90855e6c81e"}
Length of Reservations are  1
2026-03-22T23:19:54+05:30	INFO	===RECONCILE LOOP STARTED ===	{"controller": "ec2instance", "controllerGroup": "compute.cloud.com", "controllerKind": "Ec2Instance", "Ec2Instance": {"name":"prod-web-server","namespace":"default"}, "namespace": "default", "name": "prod-web-server", "reconcileID": "f4dbe192-7d49-44e9-ab3c-138daec042d1", "namespace": "default", "name": "prod-web-server"}
2026-03-22T23:19:54+05:30	INFO	Requested object is already exists in kubernetes. Not creating a new instance	{"controller": "ec2instance", "controllerGroup": "compute.cloud.com", "controllerKind": "Ec2Instance", "Ec2Instance": {"name":"prod-web-server","namespace":"default"}, "namespace": "default", "name": "prod-web-server", "reconcileID": "f4dbe192-7d49-44e9-ab3c-138daec042d1", "instanceID": "i-001bdc90855e6c81e"}
Length of Reservations are  1
2026-03-22T23:19:59+05:30	INFO	sse	Client disconnected from SSE stream
2026-03-22T23:20:25+05:30	INFO	===RECONCILE LOOP STARTED ===	{"controller": "ec2instance", "controllerGroup": "compute.cloud.com", "controllerKind": "Ec2Instance", "Ec2Instance": {"name":"prod-web-server","namespace":"default"}, "namespace": "default", "name": "prod-web-server", "reconcileID": "636c56cf-8197-4b24-9dc1-803d7c108651", "namespace": "default", "name": "prod-web-server"}
2026-03-22T23:20:25+05:30	INFO	Requested object is already exists in kubernetes. Not creating a new instance	{"controller": "ec2instance", "controllerGroup": "compute.cloud.com", "controllerKind": "Ec2Instance", "Ec2Instance": {"name":"prod-web-server","namespace":"default"}, "namespace": "default", "name": "prod-web-server", "reconcileID": "636c56cf-8197-4b24-9dc1-803d7c108651", "instanceID": "i-001bdc90855e6c81e"}
Length of Reservations are  1
2026-03-22T23:20:36+05:30	INFO	sse	Client disconnected from SSE stream
2026-03-22T23:20:56+05:30	INFO	===RECONCILE LOOP STARTED ===	{"controller": "ec2instance", "controllerGroup": "compute.cloud.com", "controllerKind": "Ec2Instance", "Ec2Instance": {"name":"prod-web-server","namespace":"default"}, "namespace": "default", "name": "prod-web-server", "reconcileID": "0e7fb2ab-2d47-4d7a-aac5-bb6c3a2276ae", "namespace": "default", "name": "prod-web-server"}
2026-03-22T23:20:56+05:30	INFO	Requested object is already exists in kubernetes. Not creating a new instance	{"controller": "ec2instance", "controllerGroup": "compute.cloud.com", "controllerKind": "Ec2Instance", "Ec2Instance": {"name":"prod-web-server","namespace":"default"}, "namespace": "default", "name": "prod-web-server", "reconcileID": "0e7fb2ab-2d47-4d7a-aac5-bb6c3a2276ae", "instanceID": "i-001bdc90855e6c81e"}
Length of Reservations are  1
2026-03-22T23:21:27+05:30	INFO	===RECONCILE LOOP STARTED ===	{"controller": "ec2instance", "controllerGroup": "compute.cloud.com", "controllerKind": "Ec2Instance", "Ec2Instance": {"name":"prod-web-server","namespace":"default"}, "namespace": "default", "name": "prod-web-server", "reconcileID": "0a377bb5-a9b9-4ece-8581-b61fa2f79db7", "namespace": "default", "name": "prod-web-server"}
2026-03-22T23:21:27+05:30	INFO	Requested object is already exists in kubernetes. Not creating a new instance	{"controller": "ec2instance", "controllerGroup": "compute.cloud.com", "controllerKind": "Ec2Instance", "Ec2Instance": {"name":"prod-web-server","namespace":"default"}, "namespace": "default", "name": "prod-web-server", "reconcileID": "0a377bb5-a9b9-4ece-8581-b61fa2f79db7", "instanceID": "i-001bdc90855e6c81e"}
Length of Reservations are  1
2026-03-22T23:21:59+05:30	INFO	===RECONCILE LOOP STARTED ===	{"controller": "ec2instance", "controllerGroup": "compute.cloud.com", "controllerKind": "Ec2Instance", "Ec2Instance": {"name":"prod-web-server","namespace":"default"}, "namespace": "default", "name": "prod-web-server", "reconcileID": "21dfc6be-7caf-4b9e-9f75-d76de8977553", "namespace": "default", "name": "prod-web-server"}
2026-03-22T23:21:59+05:30	INFO	Requested object is already exists in kubernetes. Not creating a new instance	{"controller": "ec2instance", "controllerGroup": "compute.cloud.com", "controllerKind": "Ec2Instance", "Ec2Instance": {"name":"prod-web-server","namespace":"default"}, "namespace": "default", "name": "prod-web-server", "reconcileID": "21dfc6be-7caf-4b9e-9f75-d76de8977553", "instanceID": "i-001bdc90855e6c81e"}
Length of Reservations are  1
2026-03-22T23:22:30+05:30	INFO	===RECONCILE LOOP STARTED ===	{"controller": "ec2instance", "controllerGroup": "compute.cloud.com", "controllerKind": "Ec2Instance", "Ec2Instance": {"name":"prod-web-server","namespace":"default"}, "namespace": "default", "name": "prod-web-server", "reconcileID": "c4d5b84a-0247-436e-b72c-468837676f25", "namespace": "default", "name": "prod-web-server"}
2026-03-22T23:22:30+05:30	INFO	Requested object is already exists in kubernetes. Not creating a new instance	{"controller": "ec2instance", "controllerGroup": "compute.cloud.com", "controllerKind": "Ec2Instance", "Ec2Instance": {"name":"prod-web-server","namespace":"default"}, "namespace": "default", "name": "prod-web-server", "reconcileID": "c4d5b84a-0247-436e-b72c-468837676f25", "instanceID": "i-001bdc90855e6c81e"}
Length of Reservations are  1
2026-03-22T23:23:02+05:30	INFO	===RECONCILE LOOP STARTED ===	{"controller": "ec2instance", "controllerGroup": "compute.cloud.com", "controllerKind": "Ec2Instance", "Ec2Instance": {"name":"prod-web-server","namespace":"default"}, "namespace": "default", "name": "prod-web-server", "reconcileID": "a1d628d2-f572-4035-b02b-854294badfa2", "namespace": "default", "name": "prod-web-server"}
2026-03-22T23:23:02+05:30	INFO	Requested object is already exists in kubernetes. Not creating a new instance	{"controller": "ec2instance", "controllerGroup": "compute.cloud.com", "controllerKind": "Ec2Instance", "Ec2Instance": {"name":"prod-web-server","namespace":"default"}, "namespace": "default", "name": "prod-web-server", "reconcileID": "a1d628d2-f572-4035-b02b-854294badfa2", "instanceID": "i-001bdc90855e6c81e"}
Length of Reservations are  1
2026-03-22T23:23:33+05:30	INFO	===RECONCILE LOOP STARTED ===	{"controller": "ec2instance", "controllerGroup": "compute.cloud.com", "controllerKind": "Ec2Instance", "Ec2Instance": {"name":"prod-web-server","namespace":"default"}, "namespace": "default", "name": "prod-web-server", "reconcileID": "393b8b50-f79c-497e-9843-4a1f7c8e429c", "namespace": "default", "name": "prod-web-server"}
2026-03-22T23:23:33+05:30	INFO	Requested object is already exists in kubernetes. Not creating a new instance	{"controller": "ec2instance", "controllerGroup": "compute.cloud.com", "controllerKind": "Ec2Instance", "Ec2Instance": {"name":"prod-web-server","namespace":"default"}, "namespace": "default", "name": "prod-web-server", "reconcileID": "393b8b50-f79c-497e-9843-4a1f7c8e429c", "instanceID": "i-001bdc90855e6c81e"}
Length of Reservations are  1
2026-03-22T23:24:05+05:30	INFO	===RECONCILE LOOP STARTED ===	{"controller": "ec2instance", "controllerGroup": "compute.cloud.com", "controllerKind": "Ec2Instance", "Ec2Instance": {"name":"prod-web-server","namespace":"default"}, "namespace": "default", "name": "prod-web-server", "reconcileID": "78f098da-e171-4bc0-b037-32b0914fb4e5", "namespace": "default", "name": "prod-web-server"}
2026-03-22T23:24:05+05:30	INFO	Requested object is already exists in kubernetes. Not creating a new instance	{"controller": "ec2instance", "controllerGroup": "compute.cloud.com", "controllerKind": "Ec2Instance", "Ec2Instance": {"name":"prod-web-server","namespace":"default"}, "namespace": "default", "name": "prod-web-server", "reconcileID": "78f098da-e171-4bc0-b037-32b0914fb4e5", "instanceID": "i-001bdc90855e6c81e"}
Length of Reservations are  1
2026-03-22T23:24:36+05:30	INFO	===RECONCILE LOOP STARTED ===	{"controller": "ec2instance", "controllerGroup": "compute.cloud.com", "controllerKind": "Ec2Instance", "Ec2Instance": {"name":"prod-web-server","namespace":"default"}, "namespace": "default", "name": "prod-web-server", "reconcileID": "55649c80-27d6-4ccb-8102-92903c2f6d37", "namespace": "default", "name": "prod-web-server"}
2026-03-22T23:24:36+05:30	INFO	Requested object is already exists in kubernetes. Not creating a new instance	{"controller": "ec2instance", "controllerGroup": "compute.cloud.com", "controllerKind": "Ec2Instance", "Ec2Instance": {"name":"prod-web-server","namespace":"default"}, "namespace": "default", "name": "prod-web-server", "reconcileID": "55649c80-27d6-4ccb-8102-92903c2f6d37", "instanceID": "i-001bdc90855e6c81e"}
Length of Reservations are  1
2026-03-22T23:25:08+05:30	INFO	===RECONCILE LOOP STARTED ===	{"controller": "ec2instance", "controllerGroup": "compute.cloud.com", "controllerKind": "Ec2Instance", "Ec2Instance": {"name":"prod-web-server","namespace":"default"}, "namespace": "default", "name": "prod-web-server", "reconcileID": "b9ab3e2a-fe9b-480c-90b4-382ef167a542", "namespace": "default", "name": "prod-web-server"}
2026-03-22T23:25:08+05:30	INFO	Requested object is already exists in kubernetes. Not creating a new instance	{"controller": "ec2instance", "controllerGroup": "compute.cloud.com", "controllerKind": "Ec2Instance", "Ec2Instance": {"name":"prod-web-server","namespace":"default"}, "namespace": "default", "name": "prod-web-server", "reconcileID": "b9ab3e2a-fe9b-480c-90b4-382ef167a542", "instanceID": "i-001bdc90855e6c81e"}
Length of Reservations are  1
2026-03-22T23:25:39+05:30	INFO	===RECONCILE LOOP STARTED ===	{"controller": "ec2instance", "controllerGroup": "compute.cloud.com", "controllerKind": "Ec2Instance", "Ec2Instance": {"name":"prod-web-server","namespace":"default"}, "namespace": "default", "name": "prod-web-server", "reconcileID": "1c89aae4-4adc-4968-a1a4-3c17db86001d", "namespace": "default", "name": "prod-web-server"}
2026-03-22T23:25:39+05:30	INFO	Requested object is already exists in kubernetes. Not creating a new instance	{"controller": "ec2instance", "controllerGroup": "compute.cloud.com", "controllerKind": "Ec2Instance", "Ec2Instance": {"name":"prod-web-server","namespace":"default"}, "namespace": "default", "name": "prod-web-server", "reconcileID": "1c89aae4-4adc-4968-a1a4-3c17db86001d", "instanceID": "i-001bdc90855e6c81e"}
Length of Reservations are  1
2026-03-22T23:26:10+05:30	INFO	===RECONCILE LOOP STARTED ===	{"controller": "ec2instance", "controllerGroup": "compute.cloud.com", "controllerKind": "Ec2Instance", "Ec2Instance": {"name":"prod-web-server","namespace":"default"}, "namespace": "default", "name": "prod-web-server", "reconcileID": "44aa3a1f-71e2-43c9-9694-9b7940023161", "namespace": "default", "name": "prod-web-server"}
2026-03-22T23:26:10+05:30	INFO	Requested object is already exists in kubernetes. Not creating a new instance	{"controller": "ec2instance", "controllerGroup": "compute.cloud.com", "controllerKind": "Ec2Instance", "Ec2Instance": {"name":"prod-web-server","namespace":"default"}, "namespace": "default", "name": "prod-web-server", "reconcileID": "44aa3a1f-71e2-43c9-9694-9b7940023161", "instanceID": "i-001bdc90855e6c81e"}
Length of Reservations are  1
2026-03-22T23:26:42+05:30	INFO	===RECONCILE LOOP STARTED ===	{"controller": "ec2instance", "controllerGroup": "compute.cloud.com", "controllerKind": "Ec2Instance", "Ec2Instance": {"name":"prod-web-server","namespace":"default"}, "namespace": "default", "name": "prod-web-server", "reconcileID": "8c560e01-1b28-453c-8cb7-bedf76b842be", "namespace": "default", "name": "prod-web-server"}
2026-03-22T23:26:42+05:30	INFO	Requested object is already exists in kubernetes. Not creating a new instance	{"controller": "ec2instance", "controllerGroup": "compute.cloud.com", "controllerKind": "Ec2Instance", "Ec2Instance": {"name":"prod-web-server","namespace":"default"}, "namespace": "default", "name": "prod-web-server", "reconcileID": "8c560e01-1b28-453c-8cb7-bedf76b842be", "instanceID": "i-001bdc90855e6c81e"}
Length of Reservations are  1
2026-03-22T23:27:13+05:30	INFO	===RECONCILE LOOP STARTED ===	{"controller": "ec2instance", "controllerGroup": "compute.cloud.com", "controllerKind": "Ec2Instance", "Ec2Instance": {"name":"prod-web-server","namespace":"default"}, "namespace": "default", "name": "prod-web-server", "reconcileID": "daa931c9-019f-4ee8-963e-55cdaac9099c", "namespace": "default", "name": "prod-web-server"}
2026-03-22T23:27:13+05:30	INFO	Requested object is already exists in kubernetes. Not creating a new instance	{"controller": "ec2instance", "controllerGroup": "compute.cloud.com", "controllerKind": "Ec2Instance", "Ec2Instance": {"name":"prod-web-server","namespace":"default"}, "namespace": "default", "name": "prod-web-server", "reconcileID": "daa931c9-019f-4ee8-963e-55cdaac9099c", "instanceID": "i-001bdc90855e6c81e"}
Length of Reservations are  1
2026-03-22T23:27:45+05:30	INFO	===RECONCILE LOOP STARTED ===	{"controller": "ec2instance", "controllerGroup": "compute.cloud.com", "controllerKind": "Ec2Instance", "Ec2Instance": {"name":"prod-web-server","namespace":"default"}, "namespace": "default", "name": "prod-web-server", "reconcileID": "3e5703a4-b57c-43c0-9175-b2bf149815bb", "namespace": "default", "name": "prod-web-server"}
2026-03-22T23:27:45+05:30	INFO	Requested object is already exists in kubernetes. Not creating a new instance	{"controller": "ec2instance", "controllerGroup": "compute.cloud.com", "controllerKind": "Ec2Instance", "Ec2Instance": {"name":"prod-web-server","namespace":"default"}, "namespace": "default", "name": "prod-web-server", "reconcileID": "3e5703a4-b57c-43c0-9175-b2bf149815bb", "instanceID": "i-001bdc90855e6c81e"}
Length of Reservations are  1
2026-03-22T23:28:16+05:30	INFO	===RECONCILE LOOP STARTED ===	{"controller": "ec2instance", "controllerGroup": "compute.cloud.com", "controllerKind": "Ec2Instance", "Ec2Instance": {"name":"prod-web-server","namespace":"default"}, "namespace": "default", "name": "prod-web-server", "reconcileID": "5c59414a-6878-4d38-b643-a2b53df6dc8f", "namespace": "default", "name": "prod-web-server"}
2026-03-22T23:28:16+05:30	INFO	Requested object is already exists in kubernetes. Not creating a new instance	{"controller": "ec2instance", "controllerGroup": "compute.cloud.com", "controllerKind": "Ec2Instance", "Ec2Instance": {"name":"prod-web-server","namespace":"default"}, "namespace": "default", "name": "prod-web-server", "reconcileID": "5c59414a-6878-4d38-b643-a2b53df6dc8f", "instanceID": "i-001bdc90855e6c81e"}
Length of Reservations are  1
2026-03-22T23:28:48+05:30	INFO	===RECONCILE LOOP STARTED ===	{"controller": "ec2instance", "controllerGroup": "compute.cloud.com", "controllerKind": "Ec2Instance", "Ec2Instance": {"name":"prod-web-server","namespace":"default"}, "namespace": "default", "name": "prod-web-server", "reconcileID": "4adf8df0-230e-4752-9c98-262aa84bd0f9", "namespace": "default", "name": "prod-web-server"}
2026-03-22T23:28:48+05:30	INFO	Requested object is already exists in kubernetes. Not creating a new instance	{"controller": "ec2instance", "controllerGroup": "compute.cloud.com", "controllerKind": "Ec2Instance", "Ec2Instance": {"name":"prod-web-server","namespace":"default"}, "namespace": "default", "name": "prod-web-server", "reconcileID": "4adf8df0-230e-4752-9c98-262aa84bd0f9", "instanceID": "i-001bdc90855e6c81e"}
Length of Reservations are  1
2026-03-22T23:29:19+05:30	INFO	===RECONCILE LOOP STARTED ===	{"controller": "ec2instance", "controllerGroup": "compute.cloud.com", "controllerKind": "Ec2Instance", "Ec2Instance": {"name":"prod-web-server","namespace":"default"}, "namespace": "default", "name": "prod-web-server", "reconcileID": "da6955d3-8cba-4c35-a5d9-7e9c7a1930b1", "namespace": "default", "name": "prod-web-server"}
2026-03-22T23:29:19+05:30	INFO	Requested object is already exists in kubernetes. Not creating a new instance	{"controller": "ec2instance", "controllerGroup": "compute.cloud.com", "controllerKind": "Ec2Instance", "Ec2Instance": {"name":"prod-web-server","namespace":"default"}, "namespace": "default", "name": "prod-web-server", "reconcileID": "da6955d3-8cba-4c35-a5d9-7e9c7a1930b1", "instanceID": "i-001bdc90855e6c81e"}
Length of Reservations are  1
2026-03-22T23:29:38+05:30	INFO	sse	Client disconnected from SSE stream
2026-03-22T23:29:38+05:30	INFO	sse	Client disconnected from SSE stream
2026-03-22T23:29:38+05:30	INFO	sse	Client disconnected from SSE stream
2026-03-22T23:29:38+05:30	INFO	sse	Client disconnected from SSE stream
2026-03-22T23:29:39+05:30	INFO	sse	Client disconnected from SSE stream
2026-03-22T23:29:51+05:30	INFO	===RECONCILE LOOP STARTED ===	{"controller": "ec2instance", "controllerGroup": "compute.cloud.com", "controllerKind": "Ec2Instance", "Ec2Instance": {"name":"prod-web-server","namespace":"default"}, "namespace": "default", "name": "prod-web-server", "reconcileID": "dad9ef3e-273e-4028-8094-147c0dc58f23", "namespace": "default", "name": "prod-web-server"}
2026-03-22T23:29:51+05:30	INFO	Requested object is already exists in kubernetes. Not creating a new instance	{"controller": "ec2instance", "controllerGroup": "compute.cloud.com", "controllerKind": "Ec2Instance", "Ec2Instance": {"name":"prod-web-server","namespace":"default"}, "namespace": "default", "name": "prod-web-server", "reconcileID": "dad9ef3e-273e-4028-8094-147c0dc58f23", "instanceID": "i-001bdc90855e6c81e"}
Length of Reservations are  1
2026-03-22T23:30:23+05:30	INFO	===RECONCILE LOOP STARTED ===	{"controller": "ec2instance", "controllerGroup": "compute.cloud.com", "controllerKind": "Ec2Instance", "Ec2Instance": {"name":"prod-web-server","namespace":"default"}, "namespace": "default", "name": "prod-web-server", "reconcileID": "3998f413-bbcc-49bd-bcdd-9d9346c37850", "namespace": "default", "name": "prod-web-server"}
2026-03-22T23:30:23+05:30	INFO	Requested object is already exists in kubernetes. Not creating a new instance	{"controller": "ec2instance", "controllerGroup": "compute.cloud.com", "controllerKind": "Ec2Instance", "Ec2Instance": {"name":"prod-web-server","namespace":"default"}, "namespace": "default", "name": "prod-web-server", "reconcileID": "3998f413-bbcc-49bd-bcdd-9d9346c37850", "instanceID": "i-001bdc90855e6c81e"}
Length of Reservations are  1
2026-03-22T23:30:55+05:30	INFO	===RECONCILE LOOP STARTED ===	{"controller": "ec2instance", "controllerGroup": "compute.cloud.com", "controllerKind": "Ec2Instance", "Ec2Instance": {"name":"prod-web-server","namespace":"default"}, "namespace": "default", "name": "prod-web-server", "reconcileID": "a4d72bd7-8ed7-499d-8f40-4d21da99635c", "namespace": "default", "name": "prod-web-server"}
2026-03-22T23:30:55+05:30	INFO	Requested object is already exists in kubernetes. Not creating a new instance	{"controller": "ec2instance", "controllerGroup": "compute.cloud.com", "controllerKind": "Ec2Instance", "Ec2Instance": {"name":"prod-web-server","namespace":"default"}, "namespace": "default", "name": "prod-web-server", "reconcileID": "a4d72bd7-8ed7-499d-8f40-4d21da99635c", "instanceID": "i-001bdc90855e6c81e"}
Length of Reservations are  1
2026-03-22T23:31:26+05:30	INFO	===RECONCILE LOOP STARTED ===	{"controller": "ec2instance", "controllerGroup": "compute.cloud.com", "controllerKind": "Ec2Instance", "Ec2Instance": {"name":"prod-web-server","namespace":"default"}, "namespace": "default", "name": "prod-web-server", "reconcileID": "65caa556-f919-4986-8af5-d2624ad83517", "namespace": "default", "name": "prod-web-server"}
2026-03-22T23:31:26+05:30	INFO	Requested object is already exists in kubernetes. Not creating a new instance	{"controller": "ec2instance", "controllerGroup": "compute.cloud.com", "controllerKind": "Ec2Instance", "Ec2Instance": {"name":"prod-web-server","namespace":"default"}, "namespace": "default", "name": "prod-web-server", "reconcileID": "65caa556-f919-4986-8af5-d2624ad83517", "instanceID": "i-001bdc90855e6c81e"}
Length of Reservations are  1
2026-03-22T23:31:57+05:30	INFO	sse	Client disconnected from SSE stream
2026-03-22T23:31:57+05:30	INFO	sse	Client disconnected from SSE stream
2026-03-22T23:31:58+05:30	INFO	===RECONCILE LOOP STARTED ===	{"controller": "ec2instance", "controllerGroup": "compute.cloud.com", "controllerKind": "Ec2Instance", "Ec2Instance": {"name":"prod-web-server","namespace":"default"}, "namespace": "default", "name": "prod-web-server", "reconcileID": "b4944460-9b89-4056-92dc-e48bf5b2e917", "namespace": "default", "name": "prod-web-server"}
2026-03-22T23:31:58+05:30	INFO	Requested object is already exists in kubernetes. Not creating a new instance	{"controller": "ec2instance", "controllerGroup": "compute.cloud.com", "controllerKind": "Ec2Instance", "Ec2Instance": {"name":"prod-web-server","namespace":"default"}, "namespace": "default", "name": "prod-web-server", "reconcileID": "b4944460-9b89-4056-92dc-e48bf5b2e917", "instanceID": "i-001bdc90855e6c81e"}
Length of Reservations are  1
2026-03-22T23:32:03+05:30	INFO	sse	Client disconnected from SSE stream
2026-03-22T23:32:29+05:30	INFO	===RECONCILE LOOP STARTED ===	{"controller": "ec2instance", "controllerGroup": "compute.cloud.com", "controllerKind": "Ec2Instance", "Ec2Instance": {"name":"prod-web-server","namespace":"default"}, "namespace": "default", "name": "prod-web-server", "reconcileID": "bdb7ed05-e793-4b38-9901-ce01f6f8d59c", "namespace": "default", "name": "prod-web-server"}
2026-03-22T23:32:29+05:30	INFO	Requested object is already exists in kubernetes. Not creating a new instance	{"controller": "ec2instance", "controllerGroup": "compute.cloud.com", "controllerKind": "Ec2Instance", "Ec2Instance": {"name":"prod-web-server","namespace":"default"}, "namespace": "default", "name": "prod-web-server", "reconcileID": "bdb7ed05-e793-4b38-9901-ce01f6f8d59c", "instanceID": "i-001bdc90855e6c81e"}
Length of Reservations are  1
2026-03-22T23:33:01+05:30	INFO	===RECONCILE LOOP STARTED ===	{"controller": "ec2instance", "controllerGroup": "compute.cloud.com", "controllerKind": "Ec2Instance", "Ec2Instance": {"name":"prod-web-server","namespace":"default"}, "namespace": "default", "name": "prod-web-server", "reconcileID": "86819ead-ef77-4c4f-8956-dcc4cf2a6282", "namespace": "default", "name": "prod-web-server"}
2026-03-22T23:33:01+05:30	INFO	Requested object is already exists in kubernetes. Not creating a new instance	{"controller": "ec2instance", "controllerGroup": "compute.cloud.com", "controllerKind": "Ec2Instance", "Ec2Instance": {"name":"prod-web-server","namespace":"default"}, "namespace": "default", "name": "prod-web-server", "reconcileID": "86819ead-ef77-4c4f-8956-dcc4cf2a6282", "instanceID": "i-001bdc90855e6c81e"}
Length of Reservations are  1
2026-03-22T23:33:32+05:30	INFO	===RECONCILE LOOP STARTED ===	{"controller": "ec2instance", "controllerGroup": "compute.cloud.com", "controllerKind": "Ec2Instance", "Ec2Instance": {"name":"prod-web-server","namespace":"default"}, "namespace": "default", "name": "prod-web-server", "reconcileID": "96e53fdf-8c9b-4372-846d-33980bd11712", "namespace": "default", "name": "prod-web-server"}
2026-03-22T23:33:32+05:30	INFO	Requested object is already exists in kubernetes. Not creating a new instance	{"controller": "ec2instance", "controllerGroup": "compute.cloud.com", "controllerKind": "Ec2Instance", "Ec2Instance": {"name":"prod-web-server","namespace":"default"}, "namespace": "default", "name": "prod-web-server", "reconcileID": "96e53fdf-8c9b-4372-846d-33980bd11712", "instanceID": "i-001bdc90855e6c81e"}
Length of Reservations are  1
2026-03-22T23:33:40+05:30	INFO	sse	Client disconnected from SSE stream
2026-03-22T23:34:05+05:30	INFO	===RECONCILE LOOP STARTED ===	{"controller": "ec2instance", "controllerGroup": "compute.cloud.com", "controllerKind": "Ec2Instance", "Ec2Instance": {"name":"prod-web-server","namespace":"default"}, "namespace": "default", "name": "prod-web-server", "reconcileID": "f87d104d-a1b2-43a6-a14a-9f4ce72b1c98", "namespace": "default", "name": "prod-web-server"}
2026-03-22T23:34:05+05:30	INFO	Requested object is already exists in kubernetes. Not creating a new instance	{"controller": "ec2instance", "controllerGroup": "compute.cloud.com", "controllerKind": "Ec2Instance", "Ec2Instance": {"name":"prod-web-server","namespace":"default"}, "namespace": "default", "name": "prod-web-server", "reconcileID": "f87d104d-a1b2-43a6-a14a-9f4ce72b1c98", "instanceID": "i-001bdc90855e6c81e"}
Length of Reservations are  1
2026-03-22T23:34:22+05:30	INFO	sse	Client disconnected from SSE stream
2026-03-22T23:34:22+05:30	INFO	sse	Client disconnected from SSE stream
2026-03-22T23:34:29+05:30	INFO	sse	Client disconnected from SSE stream
2026-03-22T23:34:37+05:30	INFO	===RECONCILE LOOP STARTED ===	{"controller": "ec2instance", "controllerGroup": "compute.cloud.com", "controllerKind": "Ec2Instance", "Ec2Instance": {"name":"prod-web-server","namespace":"default"}, "namespace": "default", "name": "prod-web-server", "reconcileID": "25e2ca61-0eab-4acc-b73f-415c0f5112fb", "namespace": "default", "name": "prod-web-server"}
2026-03-22T23:34:37+05:30	INFO	Requested object is already exists in kubernetes. Not creating a new instance	{"controller": "ec2instance", "controllerGroup": "compute.cloud.com", "controllerKind": "Ec2Instance", "Ec2Instance": {"name":"prod-web-server","namespace":"default"}, "namespace": "default", "name": "prod-web-server", "reconcileID": "25e2ca61-0eab-4acc-b73f-415c0f5112fb", "instanceID": "i-001bdc90855e6c81e"}
Length of Reservations are  1
2026-03-22T23:35:08+05:30	INFO	===RECONCILE LOOP STARTED ===	{"controller": "ec2instance", "controllerGroup": "compute.cloud.com", "controllerKind": "Ec2Instance", "Ec2Instance": {"name":"prod-web-server","namespace":"default"}, "namespace": "default", "name": "prod-web-server", "reconcileID": "4edb106e-6718-4607-bc85-0a0b546f5024", "namespace": "default", "name": "prod-web-server"}
2026-03-22T23:35:08+05:30	INFO	Requested object is already exists in kubernetes. Not creating a new instance	{"controller": "ec2instance", "controllerGroup": "compute.cloud.com", "controllerKind": "Ec2Instance", "Ec2Instance": {"name":"prod-web-server","namespace":"default"}, "namespace": "default", "name": "prod-web-server", "reconcileID": "4edb106e-6718-4607-bc85-0a0b546f5024", "instanceID": "i-001bdc90855e6c81e"}
Length of Reservations are  1
2026-03-22T23:35:40+05:30	INFO	===RECONCILE LOOP STARTED ===	{"controller": "ec2instance", "controllerGroup": "compute.cloud.com", "controllerKind": "Ec2Instance", "Ec2Instance": {"name":"prod-web-server","namespace":"default"}, "namespace": "default", "name": "prod-web-server", "reconcileID": "1e8ea35c-7436-464f-986d-0db372ab401f", "namespace": "default", "name": "prod-web-server"}
2026-03-22T23:35:40+05:30	INFO	Requested object is already exists in kubernetes. Not creating a new instance	{"controller": "ec2instance", "controllerGroup": "compute.cloud.com", "controllerKind": "Ec2Instance", "Ec2Instance": {"name":"prod-web-server","namespace":"default"}, "namespace": "default", "name": "prod-web-server", "reconcileID": "1e8ea35c-7436-464f-986d-0db372ab401f", "instanceID": "i-001bdc90855e6c81e"}
Length of Reservations are  1
2026-03-22T23:36:12+05:30	INFO	===RECONCILE LOOP STARTED ===	{"controller": "ec2instance", "controllerGroup": "compute.cloud.com", "controllerKind": "Ec2Instance", "Ec2Instance": {"name":"prod-web-server","namespace":"default"}, "namespace": "default", "name": "prod-web-server", "reconcileID": "ce8c358e-c41b-4fac-b8e5-da74937c3c2e", "namespace": "default", "name": "prod-web-server"}
2026-03-22T23:36:12+05:30	INFO	Requested object is already exists in kubernetes. Not creating a new instance	{"controller": "ec2instance", "controllerGroup": "compute.cloud.com", "controllerKind": "Ec2Instance", "Ec2Instance": {"name":"prod-web-server","namespace":"default"}, "namespace": "default", "name": "prod-web-server", "reconcileID": "ce8c358e-c41b-4fac-b8e5-da74937c3c2e", "instanceID": "i-001bdc90855e6c81e"}
Length of Reservations are  1
2026-03-22T23:36:43+05:30	INFO	===RECONCILE LOOP STARTED ===	{"controller": "ec2instance", "controllerGroup": "compute.cloud.com", "controllerKind": "Ec2Instance", "Ec2Instance": {"name":"prod-web-server","namespace":"default"}, "namespace": "default", "name": "prod-web-server", "reconcileID": "a33b5cc0-314f-43f7-bed1-7172464035f6", "namespace": "default", "name": "prod-web-server"}
2026-03-22T23:36:43+05:30	INFO	Requested object is already exists in kubernetes. Not creating a new instance	{"controller": "ec2instance", "controllerGroup": "compute.cloud.com", "controllerKind": "Ec2Instance", "Ec2Instance": {"name":"prod-web-server","namespace":"default"}, "namespace": "default", "name": "prod-web-server", "reconcileID": "a33b5cc0-314f-43f7-bed1-7172464035f6", "instanceID": "i-001bdc90855e6c81e"}
Length of Reservations are  1
2026-03-22T23:37:15+05:30	INFO	===RECONCILE LOOP STARTED ===	{"controller": "ec2instance", "controllerGroup": "compute.cloud.com", "controllerKind": "Ec2Instance", "Ec2Instance": {"name":"prod-web-server","namespace":"default"}, "namespace": "default", "name": "prod-web-server", "reconcileID": "f02ed951-d372-4b57-9cd1-2f0ab51170f5", "namespace": "default", "name": "prod-web-server"}
2026-03-22T23:37:15+05:30	INFO	Requested object is already exists in kubernetes. Not creating a new instance	{"controller": "ec2instance", "controllerGroup": "compute.cloud.com", "controllerKind": "Ec2Instance", "Ec2Instance": {"name":"prod-web-server","namespace":"default"}, "namespace": "default", "name": "prod-web-server", "reconcileID": "f02ed951-d372-4b57-9cd1-2f0ab51170f5", "instanceID": "i-001bdc90855e6c81e"}
Length of Reservations are  1
2026-03-22T23:37:35+05:30	INFO	sse	Client disconnected from SSE stream
2026-03-22T23:37:40+05:30	INFO	sse	Client disconnected from SSE stream
2026-03-22T23:37:46+05:30	INFO	===RECONCILE LOOP STARTED ===	{"controller": "ec2instance", "controllerGroup": "compute.cloud.com", "controllerKind": "Ec2Instance", "Ec2Instance": {"name":"prod-web-server","namespace":"default"}, "namespace": "default", "name": "prod-web-server", "reconcileID": "080b8da1-d036-4da2-a643-343caa61c7e4", "namespace": "default", "name": "prod-web-server"}
2026-03-22T23:37:46+05:30	INFO	Requested object is already exists in kubernetes. Not creating a new instance	{"controller": "ec2instance", "controllerGroup": "compute.cloud.com", "controllerKind": "Ec2Instance", "Ec2Instance": {"name":"prod-web-server","namespace":"default"}, "namespace": "default", "name": "prod-web-server", "reconcileID": "080b8da1-d036-4da2-a643-343caa61c7e4", "instanceID": "i-001bdc90855e6c81e"}
Length of Reservations are  1
2026-03-22T23:38:18+05:30	INFO	===RECONCILE LOOP STARTED ===	{"controller": "ec2instance", "controllerGroup": "compute.cloud.com", "controllerKind": "Ec2Instance", "Ec2Instance": {"name":"prod-web-server","namespace":"default"}, "namespace": "default", "name": "prod-web-server", "reconcileID": "1848a2ec-bff5-41e0-8c58-f09d491c7459", "namespace": "default", "name": "prod-web-server"}
2026-03-22T23:38:18+05:30	INFO	Requested object is already exists in kubernetes. Not creating a new instance	{"controller": "ec2instance", "controllerGroup": "compute.cloud.com", "controllerKind": "Ec2Instance", "Ec2Instance": {"name":"prod-web-server","namespace":"default"}, "namespace": "default", "name": "prod-web-server", "reconcileID": "1848a2ec-bff5-41e0-8c58-f09d491c7459", "instanceID": "i-001bdc90855e6c81e"}
Length of Reservations are  1
2026-03-22T23:38:34+05:30	INFO	Stopping and waiting for warmup runnables
2026-03-22T23:38:34+05:30	INFO	Stopping and waiting for non leader election runnables
2026-03-22T23:38:34+05:30	INFO	Stopping and waiting for leader election runnables
2026-03-22T23:38:34+05:30	INFO	Shutdown signal received, waiting for all workers to finish	{"controller": "ec2instance", "controllerGroup": "compute.cloud.com", "controllerKind": "Ec2Instance"}
2026-03-22T23:38:34+05:30	INFO	All workers finished	{"controller": "ec2instance", "controllerGroup": "compute.cloud.com", "controllerKind": "Ec2Instance"}
2026-03-22T23:38:34+05:30	INFO	Shutting down dashboard server
2026-03-22T23:38:39+05:30	INFO	Stopping and waiting for caches
2026-03-22T23:38:39+05:30	INFO	Stopping and waiting for webhooks
2026-03-22T23:38:39+05:30	INFO	Stopping and waiting for HTTP servers
2026-03-22T23:38:39+05:30	INFO	shutting down server	{"name": "health probe", "addr": "[::]:8082"}
2026-03-22T23:38:39+05:30	ERROR	error received after stop sequence was engaged	{"error": "context deadline exceeded"}
sigs.k8s.io/controller-runtime/pkg/manager.(*controllerManager).engageStopProcedure.func1
	/home/roronoa-zoro/go/pkg/mod/sigs.k8s.io/controller-runtime@v0.23.1/pkg/manager/internal.go:533
2026-03-22T23:38:39+05:30	INFO	Wait completed, proceeding to shutdown the manager
